#
# There is insufficient memory for the Java Runtime Environment to continue.
# Native memory allocation (malloc) failed to allocate 1048576 bytes for AllocateHeap
# Possible reasons:
#   The system is out of physical RAM or swap space
#   The process is running with CompressedOops enabled, and the Java Heap may be blocking the growth of the native heap
# Possible solutions:
#   Reduce memory load on the system
#   Increase physical memory or swap space
#   Check if swap backing store is full
#   Decrease Java heap size (-Xmx/-Xms)
#   Decrease number of Java threads
#   Decrease Java thread stack sizes (-Xss)
#   Set larger code cache with -XX:ReservedCodeCacheSize=
#   JVM is running with Zero Based Compressed Oops mode in which the Java heap is
#     placed in the first 32GB address space. The Java Heap base address is the
#     maximum limit for the native heap growth. Please use -XX:HeapBaseMinAddress
#     to set the Java Heap base and to place the Java Heap above 32GB virtual address.
# This output file may be truncated or incomplete.
#
#  Out of Memory Error (allocation.cpp:44), pid=1932, tid=7192
#
# JRE version:  (21.0.2+13) (build )
# Java VM: Java HotSpot(TM) 64-Bit Server VM (21.0.2+13-LTS-58, mixed mode, sharing, tiered, compressed oops, compressed class ptrs, g1 gc, windows-amd64)
# No core dump will be written. Minidumps are not enabled by default on client versions of Windows
#

---------------  S U M M A R Y ------------

Command Line: --module-path=D:\java\openjfx-21.0.3_windows-x64_bin-sdk\javafx-sdk-21.0.3\lib --add-modules=javafx.controls,javafx.fxml -Dfile.encoding=UTF-8 -Dstdout.encoding=UTF-8 -Dstderr.encoding=UTF-8 -XX:+ShowCodeDetailsInExceptionMessages hust.soict.cybersec.aims.screen.StoreScreen

Host: 11th Gen Intel(R) Core(TM) i7-1165G7 @ 2.80GHz, 8 cores, 15G,  Windows 11 , 64 bit Build 22621 (10.0.22621.3527)
Time: Sat Jun  1 15:32:07 2024 SE Asia Standard Time elapsed time: 0.008310 seconds (0d 0h 0m 0s)

---------------  T H R E A D  ---------------

Current thread (0x000001bfb301a4a0):  JavaThread "Unknown thread" [_thread_in_vm, id=7192, stack(0x00000036caa00000,0x00000036cab00000) (1024K)]

Stack: [0x00000036caa00000,0x00000036cab00000]
Native frames: (J=compiled Java code, j=interpreted, Vv=VM code, C=native code)
V  [jvm.dll+0x6cade9]
V  [jvm.dll+0x8569c1]
V  [jvm.dll+0x858d2e]
V  [jvm.dll+0x859413]
V  [jvm.dll+0x280e56]
V  [jvm.dll+0xbeb17]
V  [jvm.dll+0x331af5]
V  [jvm.dll+0x32a141]
V  [jvm.dll+0x81efa9]
V  [jvm.dll+0x3bba01]
V  [jvm.dll+0x807928]
V  [jvm.dll+0x44f50e]
V  [jvm.dll+0x450e11]
C  [jli.dll+0x52a3]
C  [ucrtbase.dll+0x29333]
C  [KERNEL32.DLL+0x1257d]
C  [ntdll.dll+0x5aa48]


---------------  P R O C E S S  ---------------

Threads class SMR info:
_java_thread_list=0x00007ffa07c4bb88, length=0, elements={
}

Java Threads: ( => current thread )
Total: 0

Other Threads:
  0x000001bfb52ec470 WorkerThread "GC Thread#0"                     [id=20796, stack(0x00000036cab00000,0x00000036cac00000) (1024K)]

[error occurred during error reporting (printing all threads), id 0xc0000005, EXCEPTION_ACCESS_VIOLATION (0xc0000005) at pc=0x00007ffa073b6680]
VM state: not at safepoint (not fully initialized)

VM Mutex/Monitor currently owned by a thread:  ([mutex/lock_event])
[0x00007ffa07cbce68] Heap_lock - owner thread: 0x000001bfb301a4a0

Heap address: 0x0000000704800000, size: 4024 MB, Compressed Oops mode: Zero based, Oop shift amount: 3

CDS archive(s) mapped at: [0x0000000000000000-0x0000000000000000-0x0000000000000000), size 0, SharedBaseAddress: 0x0000000800000000, ArchiveRelocationMode: 1.
Narrow klass base: 0x0000000000000000, Narrow klass shift: 0, Narrow klass range: 0x0

GC Precious Log:
 CardTable entry size: 512
 Card Set container configuration: InlinePtr #cards 4 size 8 Array Of Cards #cards 16 size 48 Howl #buckets 8 coarsen threshold 3686 Howl Bitmap #cards 512 size 80 coarsen threshold 460 Card regions per heap region 1 cards per card region 4096

Heap:
 garbage-first heap   total 0K, used 0K [0x0000000704800000, 0x0000000800000000)
  region size 2048K, 0 young (0K), 0 survivors (0K)

[error occurred during error reporting (printing heap information), id 0xc0000005, EXCEPTION_ACCESS_VIOLATION (0xc0000005) at pc=0x00007ffa077a39f9]
GC Heap History (0 events):
No events

Dll operation events (1 events):
Event: 0.005 Loaded shared library C:\Users\Admin\jdk-21_windows-x64_bin\jdk-21.0.2\bin\java.dll

Deoptimization events (0 events):
No events

Classes loaded (0 events):
No events

Classes unloaded (0 events):
No events

Classes redefined (0 events):
No events

Internal exceptions (0 events):
No events

ZGC Phase Switch (0 events):
No events

VM Operations (0 events):
No events

Events (0 events):
No events


Dynamic libraries:
0x00007ff743bc0000 - 0x00007ff743bd0000 	C:\Users\Admin\jdk-21_windows-x64_bin\jdk-21.0.2\bin\javaw.exe
0x00007ffa89bb0000 - 0x00007ffa89dc7000 	C:\WINDOWS\SYSTEM32\ntdll.dll
0x00007ffa88ff0000 - 0x00007ffa890b4000 	C:\WINDOWS\System32\KERNEL32.DLL
0x00007ffa87200000 - 0x00007ffa875a7000 	C:\WINDOWS\System32\KERNELBASE.dll
0x00007ffa86f70000 - 0x00007ffa87081000 	C:\WINDOWS\System32\ucrtbase.dll
0x00007ffa76740000 - 0x00007ffa76759000 	C:\Users\Admin\jdk-21_windows-x64_bin\jdk-21.0.2\bin\jli.dll
0x00007ffa794b0000 - 0x00007ffa794cb000 	C:\Users\Admin\jdk-21_windows-x64_bin\jdk-21.0.2\bin\VCRUNTIME140.dll
0x00007ffa87a30000 - 0x00007ffa87ae2000 	C:\WINDOWS\System32\ADVAPI32.dll
0x00007ffa89ac0000 - 0x00007ffa89b67000 	C:\WINDOWS\System32\msvcrt.dll
0x00007ffa88370000 - 0x00007ffa88418000 	C:\WINDOWS\System32\sechost.dll
0x00007ffa87790000 - 0x00007ffa877b8000 	C:\WINDOWS\System32\bcrypt.dll
0x00007ffa888f0000 - 0x00007ffa88a05000 	C:\WINDOWS\System32\RPCRT4.dll
0x00007ffa88610000 - 0x00007ffa887be000 	C:\WINDOWS\System32\USER32.dll
0x00007ffa87620000 - 0x00007ffa87646000 	C:\WINDOWS\System32\win32u.dll
0x00007ffa6dfb0000 - 0x00007ffa6e243000 	C:\WINDOWS\WinSxS\amd64_microsoft.windows.common-controls_6595b64144ccf1df_6.0.22621.3527_none_270e469b73872a76\COMCTL32.dll
0x00007ffa888c0000 - 0x00007ffa888e9000 	C:\WINDOWS\System32\GDI32.dll
0x00007ffa877c0000 - 0x00007ffa878d9000 	C:\WINDOWS\System32\gdi32full.dll
0x00007ffa86ed0000 - 0x00007ffa86f6a000 	C:\WINDOWS\System32\msvcp_win.dll
0x00007ffa79de0000 - 0x00007ffa79dea000 	C:\WINDOWS\SYSTEM32\VERSION.dll
0x00007ffa89870000 - 0x00007ffa898a1000 	C:\WINDOWS\System32\IMM32.DLL
0x00007ffa7d720000 - 0x00007ffa7d72c000 	C:\Users\Admin\jdk-21_windows-x64_bin\jdk-21.0.2\bin\vcruntime140_1.dll
0x00007ffa757f0000 - 0x00007ffa7587e000 	C:\Users\Admin\jdk-21_windows-x64_bin\jdk-21.0.2\bin\msvcp140.dll
0x00007ffa07080000 - 0x00007ffa07d97000 	C:\Users\Admin\jdk-21_windows-x64_bin\jdk-21.0.2\bin\server\jvm.dll
0x00007ffa88510000 - 0x00007ffa88581000 	C:\WINDOWS\System32\WS2_32.dll
0x00007ffa7e4f0000 - 0x00007ffa7e524000 	C:\WINDOWS\SYSTEM32\WINMM.dll
0x00007ffa86d90000 - 0x00007ffa86ddd000 	C:\WINDOWS\SYSTEM32\POWRPROF.dll
0x00007ffa86d70000 - 0x00007ffa86d83000 	C:\WINDOWS\SYSTEM32\UMPDC.dll
0x00007ffa85eb0000 - 0x00007ffa85ec8000 	C:\WINDOWS\SYSTEM32\kernel.appcore.dll
0x00007ffa7ba90000 - 0x00007ffa7ba9a000 	C:\Users\Admin\jdk-21_windows-x64_bin\jdk-21.0.2\bin\jimage.dll
0x00007ffa845a0000 - 0x00007ffa847d2000 	C:\WINDOWS\SYSTEM32\DBGHELP.DLL
0x00007ffa894e0000 - 0x00007ffa89868000 	C:\WINDOWS\System32\combase.dll
0x00007ffa88430000 - 0x00007ffa88507000 	C:\WINDOWS\System32\OLEAUT32.dll
0x00007ffa6dc20000 - 0x00007ffa6dc52000 	C:\WINDOWS\SYSTEM32\dbgcore.DLL
0x00007ffa87710000 - 0x00007ffa87789000 	C:\WINDOWS\System32\bcryptPrimitives.dll
0x00007ffa76720000 - 0x00007ffa7673f000 	C:\Users\Admin\jdk-21_windows-x64_bin\jdk-21.0.2\bin\java.dll

dbghelp: loaded successfully - version: 4.0.5 - missing functions: none
symbol engine: initialized successfully - sym options: 0x614 - pdb path: .;C:\Users\Admin\jdk-21_windows-x64_bin\jdk-21.0.2\bin;C:\WINDOWS\SYSTEM32;C:\WINDOWS\WinSxS\amd64_microsoft.windows.common-controls_6595b64144ccf1df_6.0.22621.3527_none_270e469b73872a76;C:\Users\Admin\jdk-21_windows-x64_bin\jdk-21.0.2\bin\server

VM Arguments:
jvm_args: --module-path=D:\java\openjfx-21.0.3_windows-x64_bin-sdk\javafx-sdk-21.0.3\lib --add-modules=javafx.controls,javafx.fxml -Dfile.encoding=UTF-8 -Dstdout.encoding=UTF-8 -Dstderr.encoding=UTF-8 -XX:+ShowCodeDetailsInExceptionMessages 
java_command: hust.soict.cybersec.aims.screen.StoreScreen
java_class_path (initial): C:\Users\Admin\OOP.LAB.4\bin
Launcher Type: SUN_STANDARD

[Global flags]
     intx CICompilerCount                          = 4                                         {product} {ergonomic}
     uint ConcGCThreads                            = 2                                         {product} {ergonomic}
     uint G1ConcRefinementThreads                  = 8                                         {product} {ergonomic}
   size_t G1HeapRegionSize                         = 2097152                                   {product} {ergonomic}
    uintx GCDrainStackTargetSize                   = 64                                        {product} {ergonomic}
   size_t InitialHeapSize                          = 264241152                                 {product} {ergonomic}
   size_t MarkStackSize                            = 4194304                                   {product} {ergonomic}
   size_t MaxHeapSize                              = 4219469824                                {product} {ergonomic}
   size_t MinHeapDeltaBytes                        = 2097152                                   {product} {ergonomic}
   size_t MinHeapSize                              = 8388608                                   {product} {ergonomic}
    uintx NonNMethodCodeHeapSize                   = 5839372                                {pd product} {ergonomic}
    uintx NonProfiledCodeHeapSize                  = 122909434                              {pd product} {ergonomic}
    uintx ProfiledCodeHeapSize                     = 122909434                              {pd product} {ergonomic}
    uintx ReservedCodeCacheSize                    = 251658240                              {pd product} {ergonomic}
     bool SegmentedCodeCache                       = true                                      {product} {ergonomic}
     bool ShowCodeDetailsInExceptionMessages       = true                                   {manageable} {command line}
   size_t SoftMaxHeapSize                          = 4219469824                             {manageable} {ergonomic}
     bool UseCompressedOops                        = true                           {product lp64_product} {ergonomic}
     bool UseG1GC                                  = true                                      {product} {ergonomic}
     bool UseLargePagesIndividualAllocation        = false                                  {pd product} {ergonomic}

Logging:
Log output configuration:
 #0: stdout all=warning uptime,level,tags foldmultilines=false
 #1: stderr all=off uptime,level,tags foldmultilines=false

Environment Variables:
JAVA_HOME=C:\Users\Admin\Jsoup_jdk\jsoup-1.17.2
PATH=C:/Users/Admin/AppData/Local/Programs/Eclipse Adoptium/jdk-17.0.10.7-hotspot/bin/server;C:/Users/Admin/AppData/Local/Programs/Eclipse Adoptium/jdk-17.0.10.7-hotspot/bin;%JSOUP_HOME%\jsoup-1.17.2.jar;C:\Users\Admin\Jsoup_jdk;C:\Users\Admin\jdk-21_windows-x64_bin\jdk-21.0.2\bin;C:\Users\Admin\tsc\node_modules\.bin;C:\Program Files\nodejs\;D:\MongoDB;D:\MongoDB\mongosh.exe;C:\Program Files (x86)\Microsoft SQL Server\160\Tools\Binn\;C:\Program Files\Microsoft SQL Server\160\Tools\Binn\;C:\Program Files\Microsoft SQL Server\Client SDK\ODBC\170\Tools\Binn\;C:\Program Files\Microsoft SQL Server\160\DTS\Binn\;C:\Program Files (x86)\Microsoft SQL Server\160\DTS\Binn\;C:\Users\Admin\AppData\Local\Programs\Python\Python312\Scripts\;C:\Users\Admin\AppData\Local\Programs\Python\Python312\;C:\Users\Admin\AppData\Roaming\npm;D:\Microsoft VS Code\bin;C:\Users\Admin\PyCharm Community Edition 2024.1\bin;;D:\MongoDB\;C:\WINDOWS\system32;
USERNAME=Admin
OS=Windows_NT
PROCESSOR_IDENTIFIER=Intel64 Family 6 Model 140 Stepping 1, GenuineIntel
TMP=C:\Users\Admin\AppData\Local\Temp
TEMP=C:\Users\Admin\AppData\Local\Temp




Periodic native trim disabled

---------------  S Y S T E M  ---------------

OS:
 Windows 11 , 64 bit Build 22621 (10.0.22621.3527)
OS uptime: 5 days 16:11 hours
Hyper-V role detected

CPU: total 8 (initial active 8) (4 cores per cpu, 2 threads per core) family 6 model 140 stepping 1 microcode 0xac, cx8, cmov, fxsr, ht, mmx, 3dnowpref, sse, sse2, sse3, ssse3, sse4.1, sse4.2, popcnt, lzcnt, tsc, tscinvbit, avx, avx2, aes, erms, clmul, bmi1, bmi2, adx, avx512f, avx512dq, avx512cd, avx512bw, avx512vl, sha, fma, vzeroupper, avx512_vpopcntdq, avx512_vpclmulqdq, avx512_vaes, avx512_vnni, clflush, clflushopt, clwb, avx512_vbmi2, avx512_vbmi, hv, rdtscp, rdpid, fsrm, gfni, avx512_bitalg, f16c, cet_ibt, cet_ss, avx512_ifma
Processor Information for all 8 processors :
  Max Mhz: 2803, Current Mhz: 2803, Mhz Limit: 2803

Memory: 4k page, system-wide physical 16090M (792M free)
TotalPageFile size 33759M (AvailPageFile size 5M)
current process WorkingSet (physical memory assigned to process): 11M, peak: 11M
current process commit charge ("private bytes"): 53M, peak: 54M

vm_info: Java HotSpot(TM) 64-Bit Server VM (21.0.2+13-LTS-58) for windows-amd64 JRE (21.0.2+13-LTS-58), built on 2024-01-05T18:32:24Z by "mach5one" with MS VC++ 17.1 (VS2022)

END.
